{"/Users/fpresa/Documents/GitHub/Mooc.fi/part5/blogposts-frontend/src/components/Blog.jsx": {"path":"/Users/fpresa/Documents/GitHub/Mooc.fi/part5/blogposts-frontend/src/components/Blog.jsx","statementMap":{"0":{"start":{"line":5,"column":13},"end":{"line":105,"column":1}},"1":{"start":{"line":6,"column":49},"end":{"line":6,"column":63}},"2":{"start":{"line":7,"column":34},"end":{"line":7,"column":49}},"3":{"start":{"line":8,"column":28},"end":{"line":8,"column":48}},"4":{"start":{"line":9,"column":34},"end":{"line":9,"column":57}},"5":{"start":{"line":10,"column":27},"end":{"line":10,"column":70}},"6":{"start":{"line":11,"column":33},"end":{"line":11,"column":67}},"7":{"start":{"line":13,"column":20},"end":{"line":20,"column":3}},"8":{"start":{"line":22,"column":22},"end":{"line":26,"column":3}},"9":{"start":{"line":28,"column":20},"end":{"line":33,"column":3}},"10":{"start":{"line":35,"column":23},"end":{"line":37,"column":3}},"11":{"start":{"line":36,"column":4},"end":{"line":36,"column":36}},"12":{"start":{"line":39,"column":21},"end":{"line":68,"column":3}},"13":{"start":{"line":40,"column":4},"end":{"line":40,"column":22}},"14":{"start":{"line":41,"column":29},"end":{"line":41,"column":72}},"15":{"start":{"line":42,"column":4},"end":{"line":45,"column":5}},"16":{"start":{"line":43,"column":6},"end":{"line":43,"column":59}},"17":{"start":{"line":44,"column":6},"end":{"line":44,"column":13}},"18":{"start":{"line":46,"column":22},"end":{"line":46,"column":50}},"19":{"start":{"line":48,"column":4},"end":{"line":51,"column":5}},"20":{"start":{"line":49,"column":6},"end":{"line":49,"column":38}},"21":{"start":{"line":50,"column":6},"end":{"line":50,"column":13}},"22":{"start":{"line":53,"column":4},"end":{"line":53,"column":32}},"23":{"start":{"line":54,"column":4},"end":{"line":67,"column":5}},"24":{"start":{"line":55,"column":26},"end":{"line":55,"column":62}},"25":{"start":{"line":56,"column":6},"end":{"line":56,"column":31}},"26":{"start":{"line":57,"column":6},"end":{"line":57,"column":43}},"27":{"start":{"line":57,"column":31},"end":{"line":57,"column":41}},"28":{"start":{"line":58,"column":6},"end":{"line":62,"column":7}},"29":{"start":{"line":59,"column":8},"end":{"line":59,"column":55}},"30":{"start":{"line":59,"column":30},"end":{"line":59,"column":53}},"31":{"start":{"line":61,"column":8},"end":{"line":61,"column":55}},"32":{"start":{"line":61,"column":30},"end":{"line":61,"column":53}},"33":{"start":{"line":64,"column":6},"end":{"line":64,"column":52}},"34":{"start":{"line":66,"column":6},"end":{"line":66,"column":25}},"35":{"start":{"line":70,"column":23},"end":{"line":82,"column":3}},"36":{"start":{"line":71,"column":4},"end":{"line":81,"column":5}},"37":{"start":{"line":72,"column":6},"end":{"line":80,"column":7}},"38":{"start":{"line":73,"column":8},"end":{"line":73,"column":41}},"39":{"start":{"line":75,"column":29},"end":{"line":75,"column":69}},"40":{"start":{"line":75,"column":50},"end":{"line":75,"column":68}},"41":{"start":{"line":76,"column":8},"end":{"line":76,"column":31}},"42":{"start":{"line":77,"column":8},"end":{"line":77,"column":89}},"43":{"start":{"line":79,"column":8},"end":{"line":79,"column":56}},"44":{"start":{"line":84,"column":2},"end":{"line":104,"column":4}},"45":{"start":{"line":89,"column":33},"end":{"line":89,"column":54}},"46":{"start":{"line":95,"column":37},"end":{"line":95,"column":56}}},"fnMap":{"0":{"name":"(anonymous_0)","decl":{"start":{"line":5,"column":13},"end":{"line":5,"column":14}},"loc":{"start":{"line":5,"column":60},"end":{"line":105,"column":1}},"line":5},"1":{"name":"(anonymous_1)","decl":{"start":{"line":35,"column":23},"end":{"line":35,"column":24}},"loc":{"start":{"line":35,"column":38},"end":{"line":37,"column":3}},"line":35},"2":{"name":"(anonymous_2)","decl":{"start":{"line":39,"column":21},"end":{"line":39,"column":22}},"loc":{"start":{"line":39,"column":39},"end":{"line":68,"column":3}},"line":39},"3":{"name":"(anonymous_3)","decl":{"start":{"line":57,"column":18},"end":{"line":57,"column":19}},"loc":{"start":{"line":57,"column":31},"end":{"line":57,"column":41}},"line":57},"4":{"name":"(anonymous_4)","decl":{"start":{"line":59,"column":17},"end":{"line":59,"column":18}},"loc":{"start":{"line":59,"column":30},"end":{"line":59,"column":53}},"line":59},"5":{"name":"(anonymous_5)","decl":{"start":{"line":61,"column":17},"end":{"line":61,"column":18}},"loc":{"start":{"line":61,"column":30},"end":{"line":61,"column":53}},"line":61},"6":{"name":"(anonymous_6)","decl":{"start":{"line":70,"column":23},"end":{"line":70,"column":24}},"loc":{"start":{"line":70,"column":41},"end":{"line":82,"column":3}},"line":70},"7":{"name":"(anonymous_7)","decl":{"start":{"line":75,"column":42},"end":{"line":75,"column":43}},"loc":{"start":{"line":75,"column":50},"end":{"line":75,"column":68}},"line":75},"8":{"name":"(anonymous_8)","decl":{"start":{"line":89,"column":27},"end":{"line":89,"column":28}},"loc":{"start":{"line":89,"column":33},"end":{"line":89,"column":54}},"line":89},"9":{"name":"(anonymous_9)","decl":{"start":{"line":95,"column":31},"end":{"line":95,"column":32}},"loc":{"start":{"line":95,"column":37},"end":{"line":95,"column":56}},"line":95}},"branchMap":{"0":{"loc":{"start":{"line":11,"column":33},"end":{"line":11,"column":67}},"type":"binary-expr","locations":[{"start":{"line":11,"column":33},"end":{"line":11,"column":61}},{"start":{"line":11,"column":65},"end":{"line":11,"column":67}}],"line":11},"1":{"loc":{"start":{"line":42,"column":4},"end":{"line":45,"column":5}},"type":"if","locations":[{"start":{"line":42,"column":4},"end":{"line":45,"column":5}},{"start":{},"end":{}}],"line":42},"2":{"loc":{"start":{"line":48,"column":4},"end":{"line":51,"column":5}},"type":"if","locations":[{"start":{"line":48,"column":4},"end":{"line":51,"column":5}},{"start":{},"end":{}}],"line":48},"3":{"loc":{"start":{"line":58,"column":6},"end":{"line":62,"column":7}},"type":"if","locations":[{"start":{"line":58,"column":6},"end":{"line":62,"column":7}},{"start":{"line":60,"column":13},"end":{"line":62,"column":7}}],"line":58},"4":{"loc":{"start":{"line":71,"column":4},"end":{"line":81,"column":5}},"type":"if","locations":[{"start":{"line":71,"column":4},"end":{"line":81,"column":5}},{"start":{},"end":{}}],"line":71},"5":{"loc":{"start":{"line":86,"column":18},"end":{"line":86,"column":52}},"type":"cond-expr","locations":[{"start":{"line":86,"column":36},"end":{"line":86,"column":47}},{"start":{"line":86,"column":50},"end":{"line":86,"column":52}}],"line":86},"6":{"loc":{"start":{"line":88,"column":9},"end":{"line":90,"column":9}},"type":"binary-expr","locations":[{"start":{"line":88,"column":9},"end":{"line":88,"column":18}},{"start":{"line":88,"column":22},"end":{"line":88,"column":53}},{"start":{"line":89,"column":10},"end":{"line":89,"column":71}}],"line":88},"7":{"loc":{"start":{"line":96,"column":17},"end":{"line":96,"column":72}},"type":"cond-expr","locations":[{"start":{"line":96,"column":28},"end":{"line":96,"column":40}},{"start":{"line":96,"column":44},"end":{"line":96,"column":71}}],"line":96},"8":{"loc":{"start":{"line":96,"column":44},"end":{"line":96,"column":71}},"type":"cond-expr","locations":[{"start":{"line":96,"column":55},"end":{"line":96,"column":62}},{"start":{"line":96,"column":65},"end":{"line":96,"column":71}}],"line":96},"9":{"loc":{"start":{"line":99,"column":29},"end":{"line":99,"column":67}},"type":"cond-expr","locations":[{"start":{"line":99,"column":41},"end":{"line":99,"column":55}},{"start":{"line":99,"column":58},"end":{"line":99,"column":67}}],"line":99}},"s":{"0":1,"1":21,"2":21,"3":21,"4":21,"5":21,"6":21,"7":21,"8":21,"9":21,"10":21,"11":3,"12":21,"13":4,"14":4,"15":4,"16":0,"17":0,"18":4,"19":4,"20":0,"21":0,"22":4,"23":4,"24":4,"25":4,"26":4,"27":4,"28":4,"29":2,"30":2,"31":2,"32":2,"33":0,"34":4,"35":21,"36":0,"37":0,"38":0,"39":0,"40":0,"41":0,"42":0,"43":0,"44":21,"45":0,"46":4},"f":{"0":21,"1":3,"2":4,"3":4,"4":2,"5":2,"6":0,"7":0,"8":0,"9":4},"b":{"0":[21,0],"1":[0,4],"2":[0,4],"3":[2,2],"4":[0,0],"5":[19,2],"6":[21,21,21],"7":[4,17],"8":[4,13],"9":[21,0]},"_coverageSchema":"1a1c01bbd47fc00a2c39e90264f33305004495a9","hash":"2d6b565c986288d448862381f997a99add228c2a"}
,"/Users/fpresa/Documents/GitHub/Mooc.fi/part5/blogposts-frontend/src/components/Togglable.jsx": {"path":"/Users/fpresa/Documents/GitHub/Mooc.fi/part5/blogposts-frontend/src/components/Togglable.jsx","statementMap":{"0":{"start":{"line":4,"column":18},"end":{"line":30,"column":2}},"1":{"start":{"line":5,"column":32},"end":{"line":5,"column":47}},"2":{"start":{"line":7,"column":26},"end":{"line":7,"column":60}},"3":{"start":{"line":8,"column":26},"end":{"line":8,"column":60}},"4":{"start":{"line":10,"column":27},"end":{"line":13,"column":3}},"5":{"start":{"line":11,"column":4},"end":{"line":11,"column":24}},"6":{"start":{"line":12,"column":4},"end":{"line":12,"column":47}},"7":{"start":{"line":15,"column":2},"end":{"line":19,"column":4}},"8":{"start":{"line":16,"column":4},"end":{"line":18,"column":5}},"9":{"start":{"line":21,"column":2},"end":{"line":29,"column":3}},"10":{"start":{"line":31,"column":0},"end":{"line":34,"column":2}}},"fnMap":{"0":{"name":"(anonymous_0)","decl":{"start":{"line":4,"column":29},"end":{"line":4,"column":30}},"loc":{"start":{"line":4,"column":46},"end":{"line":30,"column":1}},"line":4},"1":{"name":"(anonymous_1)","decl":{"start":{"line":10,"column":27},"end":{"line":10,"column":28}},"loc":{"start":{"line":10,"column":33},"end":{"line":13,"column":3}},"line":10},"2":{"name":"(anonymous_2)","decl":{"start":{"line":15,"column":28},"end":{"line":15,"column":29}},"loc":{"start":{"line":15,"column":34},"end":{"line":19,"column":3}},"line":15}},"branchMap":{"0":{"loc":{"start":{"line":7,"column":37},"end":{"line":7,"column":58}},"type":"cond-expr","locations":[{"start":{"line":7,"column":47},"end":{"line":7,"column":53}},{"start":{"line":7,"column":56},"end":{"line":7,"column":58}}],"line":7},"1":{"loc":{"start":{"line":8,"column":37},"end":{"line":8,"column":58}},"type":"cond-expr","locations":[{"start":{"line":8,"column":47},"end":{"line":8,"column":49}},{"start":{"line":8,"column":52},"end":{"line":8,"column":58}}],"line":8},"2":{"loc":{"start":{"line":12,"column":4},"end":{"line":12,"column":46}},"type":"binary-expr","locations":[{"start":{"line":12,"column":4},"end":{"line":12,"column":18}},{"start":{"line":12,"column":22},"end":{"line":12,"column":46}}],"line":12}},"s":{"0":1,"1":17,"2":17,"3":17,"4":17,"5":3,"6":3,"7":17,"8":0,"9":17,"10":1},"f":{"0":17,"1":3,"2":0},"b":{"0":[2,15],"1":[2,15],"2":[3,3]},"_coverageSchema":"1a1c01bbd47fc00a2c39e90264f33305004495a9","hash":"4222b7bfb226ae9bab1dd8e8bf53dafdfb870048"}
,"/Users/fpresa/Documents/GitHub/Mooc.fi/part5/blogposts-frontend/src/services/blogs.js": {"path":"/Users/fpresa/Documents/GitHub/Mooc.fi/part5/blogposts-frontend/src/services/blogs.js","statementMap":{"0":{"start":{"line":2,"column":16},"end":{"line":2,"column":49}},"1":{"start":{"line":4,"column":12},"end":{"line":4,"column":16}},"2":{"start":{"line":6,"column":17},"end":{"line":8,"column":1}},"3":{"start":{"line":7,"column":2},"end":{"line":7,"column":30}},"4":{"start":{"line":10,"column":15},"end":{"line":16,"column":1}},"5":{"start":{"line":11,"column":17},"end":{"line":13,"column":3}},"6":{"start":{"line":14,"column":18},"end":{"line":14,"column":44}},"7":{"start":{"line":15,"column":2},"end":{"line":15,"column":48}},"8":{"start":{"line":15,"column":34},"end":{"line":15,"column":47}},"9":{"start":{"line":18,"column":15},"end":{"line":25,"column":1}},"10":{"start":{"line":19,"column":17},"end":{"line":21,"column":3}},"11":{"start":{"line":23,"column":19},"end":{"line":23,"column":63}},"12":{"start":{"line":24,"column":2},"end":{"line":24,"column":22}},"13":{"start":{"line":27,"column":15},"end":{"line":30,"column":1}},"14":{"start":{"line":28,"column":18},"end":{"line":28,"column":60}},"15":{"start":{"line":29,"column":2},"end":{"line":29,"column":48}},"16":{"start":{"line":29,"column":34},"end":{"line":29,"column":47}},"17":{"start":{"line":32,"column":19},"end":{"line":39,"column":1}},"18":{"start":{"line":33,"column":17},"end":{"line":35,"column":3}},"19":{"start":{"line":37,"column":19},"end":{"line":37,"column":73}},"20":{"start":{"line":38,"column":2},"end":{"line":38,"column":22}},"21":{"start":{"line":41,"column":15},"end":{"line":47,"column":1}},"22":{"start":{"line":42,"column":17},"end":{"line":44,"column":3}},"23":{"start":{"line":45,"column":19},"end":{"line":45,"column":65}},"24":{"start":{"line":46,"column":2},"end":{"line":46,"column":23}}},"fnMap":{"0":{"name":"(anonymous_0)","decl":{"start":{"line":6,"column":17},"end":{"line":6,"column":18}},"loc":{"start":{"line":6,"column":29},"end":{"line":8,"column":1}},"line":6},"1":{"name":"(anonymous_1)","decl":{"start":{"line":10,"column":15},"end":{"line":10,"column":16}},"loc":{"start":{"line":10,"column":21},"end":{"line":16,"column":1}},"line":10},"2":{"name":"(anonymous_2)","decl":{"start":{"line":15,"column":22},"end":{"line":15,"column":23}},"loc":{"start":{"line":15,"column":34},"end":{"line":15,"column":47}},"line":15},"3":{"name":"(anonymous_3)","decl":{"start":{"line":18,"column":15},"end":{"line":18,"column":16}},"loc":{"start":{"line":18,"column":34},"end":{"line":25,"column":1}},"line":18},"4":{"name":"(anonymous_4)","decl":{"start":{"line":27,"column":15},"end":{"line":27,"column":16}},"loc":{"start":{"line":27,"column":34},"end":{"line":30,"column":1}},"line":27},"5":{"name":"(anonymous_5)","decl":{"start":{"line":29,"column":22},"end":{"line":29,"column":23}},"loc":{"start":{"line":29,"column":34},"end":{"line":29,"column":47}},"line":29},"6":{"name":"(anonymous_6)","decl":{"start":{"line":32,"column":19},"end":{"line":32,"column":20}},"loc":{"start":{"line":32,"column":33},"end":{"line":39,"column":1}},"line":32},"7":{"name":"(anonymous_7)","decl":{"start":{"line":41,"column":15},"end":{"line":41,"column":16}},"loc":{"start":{"line":41,"column":29},"end":{"line":47,"column":1}},"line":41}},"branchMap":{},"s":{"0":1,"1":1,"2":1,"3":0,"4":1,"5":0,"6":0,"7":0,"8":0,"9":1,"10":0,"11":0,"12":0,"13":1,"14":0,"15":0,"16":0,"17":1,"18":0,"19":0,"20":0,"21":1,"22":0,"23":0,"24":0},"f":{"0":0,"1":0,"2":0,"3":0,"4":0,"5":0,"6":0,"7":0},"b":{},"_coverageSchema":"1a1c01bbd47fc00a2c39e90264f33305004495a9","hash":"dd372594327712d8b7cf6b87e5181c3088d7d52b"}
}
