TN:
SF:src/components/Blog.jsx
FN:5,(anonymous_0)
FN:35,(anonymous_1)
FN:39,(anonymous_2)
FN:57,(anonymous_3)
FN:59,(anonymous_4)
FN:61,(anonymous_5)
FN:70,(anonymous_6)
FN:75,(anonymous_7)
FN:89,(anonymous_8)
FN:95,(anonymous_9)
FNF:10
FNH:7
FNDA:21,(anonymous_0)
FNDA:3,(anonymous_1)
FNDA:4,(anonymous_2)
FNDA:4,(anonymous_3)
FNDA:2,(anonymous_4)
FNDA:2,(anonymous_5)
FNDA:0,(anonymous_6)
FNDA:0,(anonymous_7)
FNDA:0,(anonymous_8)
FNDA:4,(anonymous_9)
DA:5,1
DA:6,21
DA:7,21
DA:8,21
DA:9,21
DA:10,21
DA:11,21
DA:13,21
DA:22,21
DA:28,21
DA:35,21
DA:36,3
DA:39,21
DA:40,4
DA:41,4
DA:42,4
DA:43,0
DA:44,0
DA:46,4
DA:48,4
DA:49,0
DA:50,0
DA:53,4
DA:54,4
DA:55,4
DA:56,4
DA:57,4
DA:58,4
DA:59,2
DA:61,2
DA:64,0
DA:66,4
DA:70,21
DA:71,0
DA:72,0
DA:73,0
DA:75,0
DA:76,0
DA:77,0
DA:79,0
DA:84,21
DA:89,0
DA:95,4
LF:43
LH:30
BRDA:11,0,0,21
BRDA:11,0,1,0
BRDA:42,1,0,0
BRDA:42,1,1,4
BRDA:48,2,0,0
BRDA:48,2,1,4
BRDA:58,3,0,2
BRDA:58,3,1,2
BRDA:71,4,0,0
BRDA:71,4,1,0
BRDA:86,5,0,19
BRDA:86,5,1,2
BRDA:88,6,0,21
BRDA:88,6,1,21
BRDA:88,6,2,21
BRDA:96,7,0,4
BRDA:96,7,1,17
BRDA:96,8,0,4
BRDA:96,8,1,13
BRDA:99,9,0,21
BRDA:99,9,1,0
BRF:21
BRH:15
end_of_record
TN:
SF:src/components/Togglable.jsx
FN:4,(anonymous_0)
FN:10,(anonymous_1)
FN:15,(anonymous_2)
FNF:3
FNH:2
FNDA:17,(anonymous_0)
FNDA:3,(anonymous_1)
FNDA:0,(anonymous_2)
DA:4,1
DA:5,17
DA:7,17
DA:8,17
DA:10,17
DA:11,3
DA:12,3
DA:15,17
DA:16,0
DA:21,17
DA:31,1
LF:11
LH:10
BRDA:7,0,0,2
BRDA:7,0,1,15
BRDA:8,1,0,2
BRDA:8,1,1,15
BRDA:12,2,0,3
BRDA:12,2,1,3
BRF:6
BRH:6
end_of_record
TN:
SF:src/services/blogs.js
FN:6,(anonymous_0)
FN:10,(anonymous_1)
FN:15,(anonymous_2)
FN:18,(anonymous_3)
FN:27,(anonymous_4)
FN:29,(anonymous_5)
FN:32,(anonymous_6)
FN:41,(anonymous_7)
FNF:8
FNH:0
FNDA:0,(anonymous_0)
FNDA:0,(anonymous_1)
FNDA:0,(anonymous_2)
FNDA:0,(anonymous_3)
FNDA:0,(anonymous_4)
FNDA:0,(anonymous_5)
FNDA:0,(anonymous_6)
FNDA:0,(anonymous_7)
DA:2,1
DA:4,1
DA:6,1
DA:7,0
DA:10,1
DA:11,0
DA:14,0
DA:15,0
DA:18,1
DA:19,0
DA:23,0
DA:24,0
DA:27,1
DA:28,0
DA:29,0
DA:32,1
DA:33,0
DA:37,0
DA:38,0
DA:41,1
DA:42,0
DA:45,0
DA:46,0
LF:23
LH:8
BRF:0
BRH:0
end_of_record
